# JRE version: Java(TM) SE Runtime Environment (7.0_79-b15) (build 1.7.0_79-b15)
# Java VM: Java HotSpot(TM) 64-Bit Server VM (24.79-b02 mixed mode windows-amd64 compressed oops)
Heap
 PSYoungGen      total 134144K, used 121222K [0x00000000f5500000, 0x0000000100000000, 0x0000000100000000)
  eden space 95232K, 98% used [0x00000000f5500000,0x00000000fb090730,0x00000000fb200000)
  from space 38912K, 70% used [0x00000000fda00000,0x00000000ff4d10e0,0x0000000100000000)
  to   space 39936K, 0% used [0x00000000fb200000,0x00000000fb200000,0x00000000fd900000)
 ParOldGen       total 155648K, used 81247K [0x00000000e0000000, 0x00000000e9800000, 0x00000000f5500000)
  object space 155648K, 52% used [0x00000000e0000000,0x00000000e4f57da8,0x00000000e9800000)
 PSPermGen       total 45568K, used 45288K [0x00000000dae00000, 0x00000000dda80000, 0x00000000e0000000)
  object space 45568K, 99% used [0x00000000dae00000,0x00000000dda3a010,0x00000000dda80000)
GC Heap History (10 events):
Event: 156.849 GC heap before
{Heap before GC invocations=11 (full 1):
 PSYoungGen      total 129536K, used 100226K [0x00000000f5500000, 0x0000000100000000, 0x0000000100000000)
  eden space 83968K, 100% used [0x00000000f5500000,0x00000000fa700000,0x00000000fa700000)
  from space 45568K, 35% used [0x00000000fa700000,0x00000000fb6e09d0,0x00000000fd380000)
  to   space 43520K, 0% used [0x00000000fd580000,0x00000000fd580000,0x0000000100000000)
 ParOldGen       total 155648K, used 81223K [0x00000000e0000000, 0x00000000e9800000, 0x00000000f5500000)
  object space 155648K, 52% used [0x00000000e0000000,0x00000000e4f51da8,0x00000000e9800000)
 PSPermGen       total 41472K, used 29553K [0x00000000dae00000, 0x00000000dd680000, 0x00000000e0000000)
  object space 41472K, 71% used [0x00000000dae00000,0x00000000dcadc738,0x00000000dd680000)
Event: 156.879 GC heap after
Heap after GC invocations=11 (full 1):
 PSYoungGen      total 124416K, used 15657K [0x00000000f5500000, 0x00000000ffb00000, 0x0000000100000000)
  eden space 86016K, 0% used [0x00000000f5500000,0x00000000f5500000,0x00000000fa900000)
  from space 38400K, 40% used [0x00000000fd580000,0x00000000fe4ca410,0x00000000ffb00000)
  to   space 41984K, 0% used [0x00000000fa900000,0x00000000fa900000,0x00000000fd200000)
 ParOldGen       total 155648K, used 81231K [0x00000000e0000000, 0x00000000e9800000, 0x00000000f5500000)
  object space 155648K, 52% used [0x00000000e0000000,0x00000000e4f53da8,0x00000000e9800000)
 PSPermGen       total 41472K, used 29553K [0x00000000dae00000, 0x00000000dd680000, 0x00000000e0000000)
  object space 41472K, 71% used [0x00000000dae00000,0x00000000dcadc738,0x00000000dd680000)
}
Event: 160.921 GC heap before
{Heap before GC invocations=12 (full 1):
 PSYoungGen      total 124416K, used 101673K [0x00000000f5500000, 0x00000000ffb00000, 0x0000000100000000)
  eden space 86016K, 100% used [0x00000000f5500000,0x00000000fa900000,0x00000000fa900000)
  from space 38400K, 40% used [0x00000000fd580000,0x00000000fe4ca410,0x00000000ffb00000)
  to   space 41984K, 0% used [0x00000000fa900000,0x00000000fa900000,0x00000000fd200000)
 ParOldGen       total 155648K, used 81231K [0x00000000e0000000, 0x00000000e9800000, 0x00000000f5500000)
  object space 155648K, 52% used [0x00000000e0000000,0x00000000e4f53da8,0x00000000e9800000)
 PSPermGen       total 41472K, used 32836K [0x00000000dae00000, 0x00000000dd680000, 0x00000000e0000000)
  object space 41472K, 79% used [0x00000000dae00000,0x00000000dce11270,0x00000000dd680000)
Event: 160.982 GC heap after
Heap after GC invocations=12 (full 1):
 PSYoungGen      total 128000K, used 20592K [0x00000000f5500000, 0x00000000fff80000, 0x0000000100000000)
  eden space 86016K, 0% used [0x00000000f5500000,0x00000000f5500000,0x00000000fa900000)
  from space 41984K, 49% used [0x00000000fa900000,0x00000000fbd1c070,0x00000000fd200000)
  to   space 39936K, 0% used [0x00000000fd880000,0x00000000fd880000,0x00000000fff80000)
 ParOldGen       total 155648K, used 81231K [0x00000000e0000000, 0x00000000e9800000, 0x00000000f5500000)
  object space 155648K, 52% used [0x00000000e0000000,0x00000000e4f53da8,0x00000000e9800000)
 PSPermGen       total 41472K, used 32836K [0x00000000dae00000, 0x00000000dd680000, 0x00000000e0000000)
  object space 41472K, 79% used [0x00000000dae00000,0x00000000dce11270,0x00000000dd680000)
}
Event: 165.547 GC heap before
{Heap before GC invocations=13 (full 1):
 PSYoungGen      total 128000K, used 106608K [0x00000000f5500000, 0x00000000fff80000, 0x0000000100000000)
  eden space 86016K, 100% used [0x00000000f5500000,0x00000000fa900000,0x00000000fa900000)
  from space 41984K, 49% used [0x00000000fa900000,0x00000000fbd1c070,0x00000000fd200000)
  to   space 39936K, 0% used [0x00000000fd880000,0x00000000fd880000,0x00000000fff80000)
 ParOldGen       total 155648K, used 81231K [0x00000000e0000000, 0x00000000e9800000, 0x00000000f5500000)
  object space 155648K, 52% used [0x00000000e0000000,0x00000000e4f53da8,0x00000000e9800000)
 PSPermGen       total 41472K, used 33372K [0x00000000dae00000, 0x00000000dd680000, 0x00000000e0000000)
  object space 41472K, 80% used [0x00000000dae00000,0x00000000dce97148,0x00000000dd680000)
Event: 165.589 GC heap after
Heap after GC invocations=13 (full 1):
 PSYoungGen      total 129536K, used 21754K [0x00000000f5500000, 0x00000000ffc00000, 0x0000000100000000)
  eden space 93184K, 0% used [0x00000000f5500000,0x00000000f5500000,0x00000000fb000000)
  from space 36352K, 59% used [0x00000000fd880000,0x00000000fedbeb20,0x00000000ffc00000)
  to   space 38912K, 0% used [0x00000000fb000000,0x00000000fb000000,0x00000000fd600000)
 ParOldGen       total 155648K, used 81239K [0x00000000e0000000, 0x00000000e9800000, 0x00000000f5500000)
  object space 155648K, 52% used [0x00000000e0000000,0x00000000e4f55da8,0x00000000e9800000)
 PSPermGen       total 41472K, used 33372K [0x00000000dae00000, 0x00000000dd680000, 0x00000000e0000000)
  object space 41472K, 80% used [0x00000000dae00000,0x00000000dce97148,0x00000000dd680000)
}
Event: 169.702 GC heap before
{Heap before GC invocations=14 (full 1):
 PSYoungGen      total 129536K, used 114938K [0x00000000f5500000, 0x00000000ffc00000, 0x0000000100000000)
  eden space 93184K, 100% used [0x00000000f5500000,0x00000000fb000000,0x00000000fb000000)
  from space 36352K, 59% used [0x00000000fd880000,0x00000000fedbeb20,0x00000000ffc00000)
  to   space 38912K, 0% used [0x00000000fb000000,0x00000000fb000000,0x00000000fd600000)
 ParOldGen       total 155648K, used 81239K [0x00000000e0000000, 0x00000000e9800000, 0x00000000f5500000)
  object space 155648K, 52% used [0x00000000e0000000,0x00000000e4f55da8,0x00000000e9800000)
 PSPermGen       total 41472K, used 36641K [0x00000000dae00000, 0x00000000dd680000, 0x00000000e0000000)
  object space 41472K, 88% used [0x00000000dae00000,0x00000000dd1c8558,0x00000000dd680000)
Event: 169.758 GC heap after
Heap after GC invocations=14 (full 1):
 PSYoungGen      total 132096K, used 25190K [0x00000000f5500000, 0x0000000100000000, 0x0000000100000000)
  eden space 93184K, 0% used [0x00000000f5500000,0x00000000f5500000,0x00000000fb000000)
  from space 38912K, 64% used [0x00000000fb000000,0x00000000fc8999f0,0x00000000fd600000)
  to   space 38912K, 0% used [0x00000000fda00000,0x00000000fda00000,0x0000000100000000)
 ParOldGen       total 155648K, used 81239K [0x00000000e0000000, 0x00000000e9800000, 0x00000000f5500000)
  object space 155648K, 52% used [0x00000000e0000000,0x00000000e4f55da8,0x00000000e9800000)
 PSPermGen       total 41472K, used 36641K [0x00000000dae00000, 0x00000000dd680000, 0x00000000e0000000)
  object space 41472K, 88% used [0x00000000dae00000,0x00000000dd1c8558,0x00000000dd680000)
}
Event: 222.478 GC heap before
{Heap before GC invocations=15 (full 1):
 PSYoungGen      total 132096K, used 118374K [0x00000000f5500000, 0x0000000100000000, 0x0000000100000000)
  eden space 93184K, 100% used [0x00000000f5500000,0x00000000fb000000,0x00000000fb000000)
  from space 38912K, 64% used [0x00000000fb000000,0x00000000fc8999f0,0x00000000fd600000)
  to   space 38912K, 0% used [0x00000000fda00000,0x00000000fda00000,0x0000000100000000)
 ParOldGen       total 155648K, used 81239K [0x00000000e0000000, 0x00000000e9800000, 0x00000000f5500000)
  object space 155648K, 52% used [0x00000000e0000000,0x00000000e4f55da8,0x00000000e9800000)
 PSPermGen       total 43008K, used 42565K [0x00000000dae00000, 0x00000000dd800000, 0x00000000e0000000)
  object space 43008K, 98% used [0x00000000dae00000,0x00000000dd791700,0x00000000dd800000)
Event: 222.556 GC heap after
Heap after GC invocations=15 (full 1):
 PSYoungGen      total 134144K, used 27460K [0x00000000f5500000, 0x0000000100000000, 0x0000000100000000)
  eden space 95232K, 0% used [0x00000000f5500000,0x00000000f5500000,0x00000000fb200000)
  from space 38912K, 70% used [0x00000000fda00000,0x00000000ff4d10e0,0x0000000100000000)
  to   space 39936K, 0% used [0x00000000fb200000,0x00000000fb200000,0x00000000fd900000)
 ParOldGen       total 155648K, used 81247K [0x00000000e0000000, 0x00000000e9800000, 0x00000000f5500000)
  object space 155648K, 52% used [0x00000000e0000000,0x00000000e4f57da8,0x00000000e9800000)
 PSPermGen       total 43008K, used 42565K [0x00000000dae00000, 0x00000000dd800000, 0x00000000e0000000)
  object space 43008K, 98% used [0x00000000dae00000,0x00000000dd791700,0x00000000dd800000)
}

