# JRE version: Java(TM) SE Runtime Environment (7.0_79-b15) (build 1.7.0_79-b15)
# Java VM: Java HotSpot(TM) 64-Bit Server VM (24.79-b02 mixed mode windows-amd64 compressed oops)
Heap
 PSYoungGen      total 116736K, used 67204K [0x00000000f5500000, 0x0000000100000000, 0x0000000100000000)
  eden space 58368K, 94% used [0x00000000f5500000,0x00000000f8aeec78,0x00000000f8e00000)
  from space 58368K, 20% used [0x00000000fc700000,0x00000000fd2b2428,0x0000000100000000)
  to   space 58368K, 0% used [0x00000000f8e00000,0x00000000f8e00000,0x00000000fc700000)
 ParOldGen       total 132096K, used 96599K [0x00000000e0000000, 0x00000000e8100000, 0x00000000f5500000)
  object space 132096K, 73% used [0x00000000e0000000,0x00000000e5e55e38,0x00000000e8100000)
 PSPermGen       total 45056K, used 44661K [0x00000000dae00000, 0x00000000dda00000, 0x00000000e0000000)
  object space 45056K, 99% used [0x00000000dae00000,0x00000000dd99d600,0x00000000dda00000)
GC Heap History (10 events):
Event: 77.260 GC heap before
{Heap before GC invocations=13 (full 1):
 PSYoungGen      total 111616K, used 111545K [0x00000000f5500000, 0x0000000100000000, 0x0000000100000000)
  eden space 71680K, 100% used [0x00000000f5500000,0x00000000f9b00000,0x00000000f9b00000)
  from space 39936K, 99% used [0x00000000f9b00000,0x00000000fc1ee758,0x00000000fc200000)
  to   space 54784K, 0% used [0x00000000fca80000,0x00000000fca80000,0x0000000100000000)
 ParOldGen       total 132096K, used 62330K [0x00000000e0000000, 0x00000000e8100000, 0x00000000f5500000)
  object space 132096K, 47% used [0x00000000e0000000,0x00000000e3cde978,0x00000000e8100000)
 PSPermGen       total 33280K, used 33219K [0x00000000dae00000, 0x00000000dce80000, 0x00000000e0000000)
  object space 33280K, 99% used [0x00000000dae00000,0x00000000dce70f10,0x00000000dce80000)
Event: 77.321 GC heap after
Heap after GC invocations=13 (full 1):
 PSYoungGen      total 114176K, used 40761K [0x00000000f5500000, 0x0000000100000000, 0x0000000100000000)
  eden space 59392K, 0% used [0x00000000f5500000,0x00000000f5500000,0x00000000f8f00000)
  from space 54784K, 74% used [0x00000000fca80000,0x00000000ff24e408,0x0000000100000000)
  to   space 57856K, 0% used [0x00000000f8f00000,0x00000000f8f00000,0x00000000fc780000)
 ParOldGen       total 132096K, used 62338K [0x00000000e0000000, 0x00000000e8100000, 0x00000000f5500000)
  object space 132096K, 47% used [0x00000000e0000000,0x00000000e3ce0978,0x00000000e8100000)
 PSPermGen       total 33280K, used 33219K [0x00000000dae00000, 0x00000000dce80000, 0x00000000e0000000)
  object space 33280K, 99% used [0x00000000dae00000,0x00000000dce70f10,0x00000000dce80000)
}
Event: 79.662 GC heap before
{Heap before GC invocations=14 (full 1):
 PSYoungGen      total 114176K, used 100153K [0x00000000f5500000, 0x0000000100000000, 0x0000000100000000)
  eden space 59392K, 100% used [0x00000000f5500000,0x00000000f8f00000,0x00000000f8f00000)
  from space 54784K, 74% used [0x00000000fca80000,0x00000000ff24e408,0x0000000100000000)
  to   space 57856K, 0% used [0x00000000f8f00000,0x00000000f8f00000,0x00000000fc780000)
 ParOldGen       total 132096K, used 62338K [0x00000000e0000000, 0x00000000e8100000, 0x00000000f5500000)
  object space 132096K, 47% used [0x00000000e0000000,0x00000000e3ce0978,0x00000000e8100000)
 PSPermGen       total 34816K, used 34746K [0x00000000dae00000, 0x00000000dd000000, 0x00000000e0000000)
  object space 34816K, 99% used [0x00000000dae00000,0x00000000dcfee980,0x00000000dd000000)
Event: 79.732 GC heap after
Heap after GC invocations=14 (full 1):
 PSYoungGen      total 101888K, used 42151K [0x00000000f5500000, 0x0000000100000000, 0x0000000100000000)
  eden space 59392K, 0% used [0x00000000f5500000,0x00000000f5500000,0x00000000f8f00000)
  from space 42496K, 99% used [0x00000000f8f00000,0x00000000fb829f10,0x00000000fb880000)
  to   space 58368K, 0% used [0x00000000fc700000,0x00000000fc700000,0x0000000100000000)
 ParOldGen       total 132096K, used 62410K [0x00000000e0000000, 0x00000000e8100000, 0x00000000f5500000)
  object space 132096K, 47% used [0x00000000e0000000,0x00000000e3cf2988,0x00000000e8100000)
 PSPermGen       total 34816K, used 34746K [0x00000000dae00000, 0x00000000dd000000, 0x00000000e0000000)
  object space 34816K, 99% used [0x00000000dae00000,0x00000000dcfee980,0x00000000dd000000)
}
Event: 82.183 GC heap before
{Heap before GC invocations=15 (full 1):
 PSYoungGen      total 101888K, used 101543K [0x00000000f5500000, 0x0000000100000000, 0x0000000100000000)
  eden space 59392K, 100% used [0x00000000f5500000,0x00000000f8f00000,0x00000000f8f00000)
  from space 42496K, 99% used [0x00000000f8f00000,0x00000000fb829f10,0x00000000fb880000)
  to   space 58368K, 0% used [0x00000000fc700000,0x00000000fc700000,0x0000000100000000)
 ParOldGen       total 132096K, used 62410K [0x00000000e0000000, 0x00000000e8100000, 0x00000000f5500000)
  object space 132096K, 47% used [0x00000000e0000000,0x00000000e3cf2988,0x00000000e8100000)
 PSPermGen       total 36864K, used 36583K [0x00000000dae00000, 0x00000000dd200000, 0x00000000e0000000)
  object space 36864K, 99% used [0x00000000dae00000,0x00000000dd1b9f18,0x00000000dd200000)
Event: 82.256 GC heap after
Heap after GC invocations=15 (full 1):
 PSYoungGen      total 116736K, used 35720K [0x00000000f5500000, 0x0000000100000000, 0x0000000100000000)
  eden space 58368K, 0% used [0x00000000f5500000,0x00000000f5500000,0x00000000f8e00000)
  from space 58368K, 61% used [0x00000000fc700000,0x00000000fe9e2368,0x0000000100000000)
  to   space 58368K, 0% used [0x00000000f8e00000,0x00000000f8e00000,0x00000000fc700000)
 ParOldGen       total 132096K, used 69998K [0x00000000e0000000, 0x00000000e8100000, 0x00000000f5500000)
  object space 132096K, 52% used [0x00000000e0000000,0x00000000e445ba28,0x00000000e8100000)
 PSPermGen       total 36864K, used 36583K [0x00000000dae00000, 0x00000000dd200000, 0x00000000e0000000)
  object space 36864K, 99% used [0x00000000dae00000,0x00000000dd1b9f18,0x00000000dd200000)
}
Event: 85.305 GC heap before
{Heap before GC invocations=16 (full 1):
 PSYoungGen      total 116736K, used 94088K [0x00000000f5500000, 0x0000000100000000, 0x0000000100000000)
  eden space 58368K, 100% used [0x00000000f5500000,0x00000000f8e00000,0x00000000f8e00000)
  from space 58368K, 61% used [0x00000000fc700000,0x00000000fe9e2368,0x0000000100000000)
  to   space 58368K, 0% used [0x00000000f8e00000,0x00000000f8e00000,0x00000000fc700000)
 ParOldGen       total 132096K, used 69998K [0x00000000e0000000, 0x00000000e8100000, 0x00000000f5500000)
  object space 132096K, 52% used [0x00000000e0000000,0x00000000e445ba28,0x00000000e8100000)
 PSPermGen       total 39424K, used 39336K [0x00000000dae00000, 0x00000000dd480000, 0x00000000e0000000)
  object space 39424K, 99% used [0x00000000dae00000,0x00000000dd46a350,0x00000000dd480000)
Event: 85.413 GC heap after
Heap after GC invocations=16 (full 1):
 PSYoungGen      total 116736K, used 12349K [0x00000000f5500000, 0x0000000100000000, 0x0000000100000000)
  eden space 58368K, 0% used [0x00000000f5500000,0x00000000f5500000,0x00000000f8e00000)
  from space 58368K, 21% used [0x00000000f8e00000,0x00000000f9a0f780,0x00000000fc700000)
  to   space 58368K, 0% used [0x00000000fc700000,0x00000000fc700000,0x0000000100000000)
 ParOldGen       total 132096K, used 95111K [0x00000000e0000000, 0x00000000e8100000, 0x00000000f5500000)
  object space 132096K, 72% used [0x00000000e0000000,0x00000000e5ce1e38,0x00000000e8100000)
 PSPermGen       total 39424K, used 39336K [0x00000000dae00000, 0x00000000dd480000, 0x00000000e0000000)
  object space 39424K, 99% used [0x00000000dae00000,0x00000000dd46a350,0x00000000dd480000)
}
Event: 89.954 GC heap before
{Heap before GC invocations=17 (full 1):
 PSYoungGen      total 116736K, used 70717K [0x00000000f5500000, 0x0000000100000000, 0x0000000100000000)
  eden space 58368K, 100% used [0x00000000f5500000,0x00000000f8e00000,0x00000000f8e00000)
  from space 58368K, 21% used [0x00000000f8e00000,0x00000000f9a0f780,0x00000000fc700000)
  to   space 58368K, 0% used [0x00000000fc700000,0x00000000fc700000,0x0000000100000000)
 ParOldGen       total 132096K, used 95111K [0x00000000e0000000, 0x00000000e8100000, 0x00000000f5500000)
  object space 132096K, 72% used [0x00000000e0000000,0x00000000e5ce1e38,0x00000000e8100000)
 PSPermGen       total 43520K, used 43319K [0x00000000dae00000, 0x00000000dd880000, 0x00000000e0000000)
  object space 43520K, 99% used [0x00000000dae00000,0x00000000dd84df98,0x00000000dd880000)
Event: 89.980 GC heap after
Heap after GC invocations=17 (full 1):
 PSYoungGen      total 116736K, used 11977K [0x00000000f5500000, 0x0000000100000000, 0x0000000100000000)
  eden space 58368K, 0% used [0x00000000f5500000,0x00000000f5500000,0x00000000f8e00000)
  from space 58368K, 20% used [0x00000000fc700000,0x00000000fd2b2428,0x0000000100000000)
  to   space 58368K, 0% used [0x00000000f8e00000,0x00000000f8e00000,0x00000000fc700000)
 ParOldGen       total 132096K, used 96599K [0x00000000e0000000, 0x00000000e8100000, 0x00000000f5500000)
  object space 132096K, 73% used [0x00000000e0000000,0x00000000e5e55e38,0x00000000e8100000)
 PSPermGen       total 43520K, used 43319K [0x00000000dae00000, 0x00000000dd880000, 0x00000000e0000000)
  object space 43520K, 99% used [0x00000000dae00000,0x00000000dd84df98,0x00000000dd880000)
}

